app/manifest-merger-release-report.txt
-- Merging decision tree log ---
manifest
ADDED from AndroidManifest.xml:1:1
	xmlns:android
		ADDED from AndroidManifest.xml:1:11
	package
		ADDED from AndroidManifest.xml:2:5
		INJECTED from AndroidManifest.xml:0:0
		INJECTED from AndroidManifest.xml:0:0
	android:versionName
		INJECTED from AndroidManifest.xml:0:0
		INJECTED from AndroidManifest.xml:0:0
	android:versionCode
		INJECTED from AndroidManifest.xml:0:0
		INJECTED from AndroidManifest.xml:0:0
application
ADDED from AndroidManifest.xml:4:5
	android:label
		ADDED from AndroidManifest.xml:6:9
	android:allowBackup
		ADDED from AndroidManifest.xml:5:9
	android:icon
		ADDED from AndroidManifest.xml:7:9
provider#com.shaibarack.memer.MemesProvider
ADDED from AndroidManifest.xml:9:9
	android:grantUriPermissions
		ADDED from AndroidManifest.xml:12:13
	android:exported
		ADDED from AndroidManifest.xml:13:13
	android:authorities
		ADDED from AndroidManifest.xml:11:13
	android:permission
		ADDED from AndroidManifest.xml:14:13
	android:name
		ADDED from AndroidManifest.xml:10:13
intent-filter#android.content.action.DOCUMENTS_PROVIDER
ADDED from AndroidManifest.xml:15:13
action#android.content.action.DOCUMENTS_PROVIDER
ADDED from AndroidManifest.xml:16:17
	android:name
		ADDED from AndroidManifest.xml:16:25
uses-sdk
INJECTED from AndroidManifest.xml:0:0 reason: use-sdk injection requested
	android:targetSdkVersion
		INJECTED from AndroidManifest.xml:0:0
		INJECTED from AndroidManifest.xml:0:0
	android:minSdkVersion
		INJECTED from AndroidManifest.xml:0:0
		INJECTED from AndroidManifest.xml:0:0